  Compiling CUDA source file kernel.cu...
  
  C:\Users\Hardik\source\repos\SVM Cuda>"C:\Program Files\NVIDIA GPU Computing Toolkit\CUDA\v11.1\bin\nvcc.exe" -gencode=arch=compute_52,code=\"sm_52,compute_52\" --use-local-env -ccbin "C:\Program Files (x86)\Microsoft Visual Studio\2019\Community\VC\Tools\MSVC\14.28.29333\bin\HostX86\x64" -x cu -rdc=true  -I"C:\Program Files\NVIDIA GPU Computing Toolkit\CUDA\v11.1\include" -I"C:\Program Files\NVIDIA GPU Computing Toolkit\CUDA\v11.1\include"  -G   --keep-dir x64\Debug -maxrregcount=0  --machine 64 --compile -cudart static  -g   -DWIN32 -DWIN64 -D_DEBUG -D_CONSOLE -D_MBCS -Xcompiler "/EHsc /W3 /nologo /Od /Fdx64\Debug\vc142.pdb /FS /Zi /RTC1 /MDd " -o x64\Debug\kernel.cu.obj "C:\Users\Hardik\source\repos\SVM Cuda\kernel.cu" 
C:/Users/Hardik/source/repos/SVM Cuda/kernel.cu(140): warning : variable "stat" was declared but never referenced
  
  kernel.cu
C:/Users/Hardik/source/repos/SVM Cuda/kernel.cu(105): warning C4244: '=': conversion from 'int' to 'float', possible loss of data
C:/Users/Hardik/source/repos/SVM Cuda/kernel.cu(121): warning C4244: 'initializing': conversion from '_Rep' to 'double', possible loss of data
          with
          [
              _Rep=__int64
          ]
C:/Users/Hardik/source/repos/SVM Cuda/kernel.cu(140): warning C4101: 'stat': unreferenced local variable
C:/Users/Hardik/source/repos/SVM Cuda/kernel.cu(172): warning C4244: 'argument': conversion from 'double' to 'size_t', possible loss of data
C:/Users/Hardik/source/repos/SVM Cuda/kernel.cu(326): warning C4244: '=': conversion from 'double' to 'float', possible loss of data
C:/Users/Hardik/source/repos/SVM Cuda/kernel.cu(434): warning C4244: 'initializing': conversion from '_Rep' to 'double', possible loss of data
          with
          [
              _Rep=__int64
          ]
  
  C:\Users\Hardik\source\repos\SVM Cuda>"C:\Program Files\NVIDIA GPU Computing Toolkit\CUDA\v11.1\bin\nvcc.exe" -dlink -o "x64\Debug\SVM Cuda.device-link.obj" -Xcompiler "/EHsc /W3 /nologo /Od /Fdx64\Debug\vc142.pdb /Zi /RTC1 /MDd " -L"C:\Program Files\NVIDIA GPU Computing Toolkit\CUDA\v11.1\bin/crt" -L"C:\Program Files\NVIDIA GPU Computing Toolkit\CUDA\v11.1\lib\x64" cudart_static.lib kernel32.lib user32.lib gdi32.lib winspool.lib comdlg32.lib advapi32.lib shell32.lib ole32.lib oleaut32.lib uuid.lib odbc32.lib odbccp32.lib cublas.lib cudart.lib cudadevrt.lib  -gencode=arch=compute_52,code=sm_52 -G --machine 64 x64\Debug\kernel.cu.obj 
  cudart_static.lib
  kernel32.lib
  user32.lib
  gdi32.lib
  winspool.lib
  comdlg32.lib
  advapi32.lib
  shell32.lib
  ole32.lib
  oleaut32.lib
  uuid.lib
  odbc32.lib
  odbccp32.lib
  cublas.lib
  cudart.lib
  cudadevrt.lib
  kernel.cu.obj
  SVM Cuda.vcxproj -> C:\Users\Hardik\source\repos\SVM Cuda\x64\Debug\SVM Cuda.exe
